0 info it worked if it ends with ok
1 verbose cli [ '/Users/yoyocicada/.nvm/versions/node/v4.4.0/bin/node',
1 verbose cli   '/Users/yoyocicada/.nvm/versions/node/v4.4.0/bin/npm',
1 verbose cli   'install',
1 verbose cli   'github-markdown-css' ]
2 info using npm@2.14.20
3 info using node@v4.4.0
4 verbose install initial load of /Users/yoyocicada/Projects/demo/kloudless_test/package.json
5 verbose installManyTop reading scoped package data from /Users/yoyocicada/Projects/demo/kloudless_test/node_modules/abbrev/package.json
6 verbose installManyTop reading scoped package data from /Users/yoyocicada/Projects/demo/kloudless_test/node_modules/accepts/package.json
7 verbose installManyTop reading scoped package data from /Users/yoyocicada/Projects/demo/kloudless_test/node_modules/acorn/package.json
8 verbose installManyTop reading scoped package data from /Users/yoyocicada/Projects/demo/kloudless_test/node_modules/acorn-globals/package.json
9 verbose installManyTop reading scoped package data from /Users/yoyocicada/Projects/demo/kloudless_test/node_modules/align-text/package.json
10 verbose installManyTop reading scoped package data from /Users/yoyocicada/Projects/demo/kloudless_test/node_modules/amdefine/package.json
11 verbose installManyTop reading scoped package data from /Users/yoyocicada/Projects/demo/kloudless_test/node_modules/ansi-regex/package.json
12 verbose installManyTop reading scoped package data from /Users/yoyocicada/Projects/demo/kloudless_test/node_modules/ansi-styles/package.json
13 verbose installManyTop reading scoped package data from /Users/yoyocicada/Projects/demo/kloudless_test/node_modules/argparse/package.json
14 verbose installManyTop reading scoped package data from /Users/yoyocicada/Projects/demo/kloudless_test/node_modules/array-differ/package.json
15 verbose installManyTop reading scoped package data from /Users/yoyocicada/Projects/demo/kloudless_test/node_modules/array-find-index/package.json
16 verbose installManyTop reading scoped package data from /Users/yoyocicada/Projects/demo/kloudless_test/node_modules/array-union/package.json
17 verbose installManyTop reading scoped package data from /Users/yoyocicada/Projects/demo/kloudless_test/node_modules/array-uniq/package.json
18 verbose installManyTop reading scoped package data from /Users/yoyocicada/Projects/demo/kloudless_test/node_modules/arrify/package.json
19 verbose installManyTop reading scoped package data from /Users/yoyocicada/Projects/demo/kloudless_test/node_modules/asap/package.json
20 verbose installManyTop reading scoped package data from /Users/yoyocicada/Projects/demo/kloudless_test/node_modules/async/package.json
21 verbose installManyTop reading scoped package data from /Users/yoyocicada/Projects/demo/kloudless_test/node_modules/balanced-match/package.json
22 verbose installManyTop reading scoped package data from /Users/yoyocicada/Projects/demo/kloudless_test/node_modules/basic-auth/package.json
23 verbose installManyTop reading scoped package data from /Users/yoyocicada/Projects/demo/kloudless_test/node_modules/batch/package.json
24 verbose installManyTop reading scoped package data from /Users/yoyocicada/Projects/demo/kloudless_test/node_modules/beeper/package.json
25 verbose installManyTop reading scoped package data from /Users/yoyocicada/Projects/demo/kloudless_test/node_modules/body-parser/package.json
26 verbose installManyTop reading scoped package data from /Users/yoyocicada/Projects/demo/kloudless_test/node_modules/bower/package.json
27 verbose installManyTop reading scoped package data from /Users/yoyocicada/Projects/demo/kloudless_test/node_modules/brace-expansion/package.json
28 verbose installManyTop reading scoped package data from /Users/yoyocicada/Projects/demo/kloudless_test/node_modules/browserify-zlib/package.json
29 verbose installManyTop reading scoped package data from /Users/yoyocicada/Projects/demo/kloudless_test/node_modules/buffers/package.json
30 verbose installManyTop reading scoped package data from /Users/yoyocicada/Projects/demo/kloudless_test/node_modules/builtin-modules/package.json
31 verbose installManyTop reading scoped package data from /Users/yoyocicada/Projects/demo/kloudless_test/node_modules/bytes/package.json
32 verbose installManyTop reading scoped package data from /Users/yoyocicada/Projects/demo/kloudless_test/node_modules/camelcase/package.json
33 verbose installManyTop reading scoped package data from /Users/yoyocicada/Projects/demo/kloudless_test/node_modules/camelcase-keys/package.json
34 verbose installManyTop reading scoped package data from /Users/yoyocicada/Projects/demo/kloudless_test/node_modules/center-align/package.json
35 verbose installManyTop reading scoped package data from /Users/yoyocicada/Projects/demo/kloudless_test/node_modules/chalk/package.json
36 verbose installManyTop reading scoped package data from /Users/yoyocicada/Projects/demo/kloudless_test/node_modules/character-parser/package.json
37 verbose installManyTop reading scoped package data from /Users/yoyocicada/Projects/demo/kloudless_test/node_modules/clean-css/package.json
38 verbose installManyTop reading scoped package data from /Users/yoyocicada/Projects/demo/kloudless_test/node_modules/cli/package.json
39 verbose installManyTop reading scoped package data from /Users/yoyocicada/Projects/demo/kloudless_test/node_modules/cliui/package.json
40 verbose installManyTop reading scoped package data from /Users/yoyocicada/Projects/demo/kloudless_test/node_modules/coffee-script/package.json
41 verbose installManyTop reading scoped package data from /Users/yoyocicada/Projects/demo/kloudless_test/node_modules/colors/package.json
42 verbose installManyTop reading scoped package data from /Users/yoyocicada/Projects/demo/kloudless_test/node_modules/commander/package.json
43 verbose installManyTop reading scoped package data from /Users/yoyocicada/Projects/demo/kloudless_test/node_modules/concat-map/package.json
44 verbose installManyTop reading scoped package data from /Users/yoyocicada/Projects/demo/kloudless_test/node_modules/concat-stream/package.json
45 verbose installManyTop reading scoped package data from /Users/yoyocicada/Projects/demo/kloudless_test/node_modules/connect/package.json
46 verbose installManyTop reading scoped package data from /Users/yoyocicada/Projects/demo/kloudless_test/node_modules/connect-livereload/package.json
47 verbose installManyTop reading scoped package data from /Users/yoyocicada/Projects/demo/kloudless_test/node_modules/console-browserify/package.json
48 verbose installManyTop reading scoped package data from /Users/yoyocicada/Projects/demo/kloudless_test/node_modules/constantinople/package.json
49 verbose installManyTop reading scoped package data from /Users/yoyocicada/Projects/demo/kloudless_test/node_modules/content-type/package.json
50 verbose installManyTop reading scoped package data from /Users/yoyocicada/Projects/demo/kloudless_test/node_modules/cookie/package.json
51 verbose installManyTop reading scoped package data from /Users/yoyocicada/Projects/demo/kloudless_test/node_modules/core-util-is/package.json
52 verbose installManyTop reading scoped package data from /Users/yoyocicada/Projects/demo/kloudless_test/node_modules/crc/package.json
53 verbose installManyTop reading scoped package data from /Users/yoyocicada/Projects/demo/kloudless_test/node_modules/cross-spawn/package.json
54 verbose installManyTop reading scoped package data from /Users/yoyocicada/Projects/demo/kloudless_test/node_modules/css/package.json
55 verbose installManyTop reading scoped package data from /Users/yoyocicada/Projects/demo/kloudless_test/node_modules/css-parse/package.json
56 verbose installManyTop reading scoped package data from /Users/yoyocicada/Projects/demo/kloudless_test/node_modules/css-stringify/package.json
57 verbose installManyTop reading scoped package data from /Users/yoyocicada/Projects/demo/kloudless_test/node_modules/currently-unhandled/package.json
58 verbose installManyTop reading scoped package data from /Users/yoyocicada/Projects/demo/kloudless_test/node_modules/dargs/package.json
59 verbose installManyTop reading scoped package data from /Users/yoyocicada/Projects/demo/kloudless_test/node_modules/date-now/package.json
60 verbose installManyTop reading scoped package data from /Users/yoyocicada/Projects/demo/kloudless_test/node_modules/dateformat/package.json
61 verbose installManyTop reading scoped package data from /Users/yoyocicada/Projects/demo/kloudless_test/node_modules/debug/package.json
62 verbose installManyTop reading scoped package data from /Users/yoyocicada/Projects/demo/kloudless_test/node_modules/decamelize/package.json
63 verbose installManyTop reading scoped package data from /Users/yoyocicada/Projects/demo/kloudless_test/node_modules/depd/package.json
64 verbose installManyTop reading scoped package data from /Users/yoyocicada/Projects/demo/kloudless_test/node_modules/destroy/package.json
65 verbose installManyTop reading scoped package data from /Users/yoyocicada/Projects/demo/kloudless_test/node_modules/dom-serializer/package.json
66 verbose installManyTop reading scoped package data from /Users/yoyocicada/Projects/demo/kloudless_test/node_modules/domelementtype/package.json
67 verbose installManyTop reading scoped package data from /Users/yoyocicada/Projects/demo/kloudless_test/node_modules/domhandler/package.json
68 verbose installManyTop reading scoped package data from /Users/yoyocicada/Projects/demo/kloudless_test/node_modules/domutils/package.json
69 verbose installManyTop reading scoped package data from /Users/yoyocicada/Projects/demo/kloudless_test/node_modules/ee-first/package.json
70 verbose installManyTop reading scoped package data from /Users/yoyocicada/Projects/demo/kloudless_test/node_modules/encodeurl/package.json
71 verbose installManyTop reading scoped package data from /Users/yoyocicada/Projects/demo/kloudless_test/node_modules/entities/package.json
72 verbose installManyTop reading scoped package data from /Users/yoyocicada/Projects/demo/kloudless_test/node_modules/error-ex/package.json
73 verbose installManyTop reading scoped package data from /Users/yoyocicada/Projects/demo/kloudless_test/node_modules/escape-html/package.json
74 verbose installManyTop reading scoped package data from /Users/yoyocicada/Projects/demo/kloudless_test/node_modules/escape-string-regexp/package.json
75 verbose installManyTop reading scoped package data from /Users/yoyocicada/Projects/demo/kloudless_test/node_modules/esprima/package.json
76 verbose installManyTop reading scoped package data from /Users/yoyocicada/Projects/demo/kloudless_test/node_modules/etag/package.json
77 verbose installManyTop reading scoped package data from /Users/yoyocicada/Projects/demo/kloudless_test/node_modules/eventemitter2/package.json
78 verbose installManyTop reading scoped package data from /Users/yoyocicada/Projects/demo/kloudless_test/node_modules/exit/package.json
79 verbose installManyTop reading scoped package data from /Users/yoyocicada/Projects/demo/kloudless_test/node_modules/faye-websocket/package.json
80 verbose installManyTop reading scoped package data from /Users/yoyocicada/Projects/demo/kloudless_test/node_modules/figures/package.json
81 verbose installManyTop reading scoped package data from /Users/yoyocicada/Projects/demo/kloudless_test/node_modules/file-sync-cmp/package.json
82 verbose installManyTop reading scoped package data from /Users/yoyocicada/Projects/demo/kloudless_test/node_modules/finalhandler/package.json
83 verbose installManyTop reading scoped package data from /Users/yoyocicada/Projects/demo/kloudless_test/node_modules/find-up/package.json
84 verbose installManyTop reading scoped package data from /Users/yoyocicada/Projects/demo/kloudless_test/node_modules/findup-sync/package.json
85 verbose installManyTop reading scoped package data from /Users/yoyocicada/Projects/demo/kloudless_test/node_modules/formidable/package.json
86 verbose installManyTop reading scoped package data from /Users/yoyocicada/Projects/demo/kloudless_test/node_modules/fresh/package.json
87 verbose installManyTop reading scoped package data from /Users/yoyocicada/Projects/demo/kloudless_test/node_modules/fs.realpath/package.json
88 verbose installManyTop reading scoped package data from /Users/yoyocicada/Projects/demo/kloudless_test/node_modules/gaze/package.json
89 verbose installManyTop reading scoped package data from /Users/yoyocicada/Projects/demo/kloudless_test/node_modules/get-stdin/package.json
90 verbose installManyTop reading scoped package data from /Users/yoyocicada/Projects/demo/kloudless_test/node_modules/getobject/package.json
91 verbose installManyTop reading scoped package data from /Users/yoyocicada/Projects/demo/kloudless_test/node_modules/glob/package.json
92 verbose installManyTop reading scoped package data from /Users/yoyocicada/Projects/demo/kloudless_test/node_modules/glob-all/package.json
93 verbose installManyTop reading scoped package data from /Users/yoyocicada/Projects/demo/kloudless_test/node_modules/globule/package.json
94 verbose installManyTop reading scoped package data from /Users/yoyocicada/Projects/demo/kloudless_test/node_modules/graceful-fs/package.json
95 verbose installManyTop reading scoped package data from /Users/yoyocicada/Projects/demo/kloudless_test/node_modules/graceful-readlink/package.json
96 verbose installManyTop reading scoped package data from /Users/yoyocicada/Projects/demo/kloudless_test/node_modules/grunt/package.json
97 verbose installManyTop reading scoped package data from /Users/yoyocicada/Projects/demo/kloudless_test/node_modules/grunt-contrib-clean/package.json
98 verbose installManyTop reading scoped package data from /Users/yoyocicada/Projects/demo/kloudless_test/node_modules/grunt-contrib-concat/package.json
99 verbose installManyTop reading scoped package data from /Users/yoyocicada/Projects/demo/kloudless_test/node_modules/grunt-contrib-connect/package.json
100 verbose installManyTop reading scoped package data from /Users/yoyocicada/Projects/demo/kloudless_test/node_modules/grunt-contrib-copy/package.json
101 verbose installManyTop reading scoped package data from /Users/yoyocicada/Projects/demo/kloudless_test/node_modules/grunt-contrib-jade/package.json
102 verbose installManyTop reading scoped package data from /Users/yoyocicada/Projects/demo/kloudless_test/node_modules/grunt-contrib-jshint/package.json
103 verbose installManyTop reading scoped package data from /Users/yoyocicada/Projects/demo/kloudless_test/node_modules/grunt-contrib-sass/package.json
104 verbose installManyTop reading scoped package data from /Users/yoyocicada/Projects/demo/kloudless_test/node_modules/grunt-contrib-uglify/package.json
105 verbose installManyTop reading scoped package data from /Users/yoyocicada/Projects/demo/kloudless_test/node_modules/grunt-contrib-watch/package.json
106 verbose installManyTop reading scoped package data from /Users/yoyocicada/Projects/demo/kloudless_test/node_modules/grunt-known-options/package.json
107 verbose installManyTop reading scoped package data from /Users/yoyocicada/Projects/demo/kloudless_test/node_modules/grunt-legacy-log/package.json
108 verbose installManyTop reading scoped package data from /Users/yoyocicada/Projects/demo/kloudless_test/node_modules/grunt-legacy-log-utils/package.json
109 verbose installManyTop reading scoped package data from /Users/yoyocicada/Projects/demo/kloudless_test/node_modules/grunt-legacy-util/package.json
110 verbose installManyTop reading scoped package data from /Users/yoyocicada/Projects/demo/kloudless_test/node_modules/grunt-merge-copy/package.json
111 verbose installManyTop reading scoped package data from /Users/yoyocicada/Projects/demo/kloudless_test/node_modules/grunt-open/package.json
112 verbose installManyTop reading scoped package data from /Users/yoyocicada/Projects/demo/kloudless_test/node_modules/grunt-reload/package.json
113 verbose installManyTop reading scoped package data from /Users/yoyocicada/Projects/demo/kloudless_test/node_modules/gzip-size/package.json
114 verbose installManyTop reading scoped package data from /Users/yoyocicada/Projects/demo/kloudless_test/node_modules/has-ansi/package.json
115 verbose installManyTop reading scoped package data from /Users/yoyocicada/Projects/demo/kloudless_test/node_modules/hooker/package.json
116 verbose installManyTop reading scoped package data from /Users/yoyocicada/Projects/demo/kloudless_test/node_modules/hosted-git-info/package.json
117 verbose installManyTop reading scoped package data from /Users/yoyocicada/Projects/demo/kloudless_test/node_modules/htmlparser2/package.json
118 verbose installManyTop reading scoped package data from /Users/yoyocicada/Projects/demo/kloudless_test/node_modules/http-errors/package.json
119 verbose installManyTop reading scoped package data from /Users/yoyocicada/Projects/demo/kloudless_test/node_modules/http-parser-js/package.json
120 verbose installManyTop reading scoped package data from /Users/yoyocicada/Projects/demo/kloudless_test/node_modules/http-proxy/package.json
121 verbose installManyTop reading scoped package data from /Users/yoyocicada/Projects/demo/kloudless_test/node_modules/http2/package.json
122 verbose installManyTop reading scoped package data from /Users/yoyocicada/Projects/demo/kloudless_test/node_modules/iconv-lite/package.json
123 verbose installManyTop reading scoped package data from /Users/yoyocicada/Projects/demo/kloudless_test/node_modules/indent-string/package.json
124 verbose installManyTop reading scoped package data from /Users/yoyocicada/Projects/demo/kloudless_test/node_modules/inflight/package.json
125 verbose installManyTop reading scoped package data from /Users/yoyocicada/Projects/demo/kloudless_test/node_modules/inherits/package.json
126 verbose installManyTop reading scoped package data from /Users/yoyocicada/Projects/demo/kloudless_test/node_modules/irregular-plurals/package.json
127 verbose installManyTop reading scoped package data from /Users/yoyocicada/Projects/demo/kloudless_test/node_modules/is/package.json
128 verbose installManyTop reading scoped package data from /Users/yoyocicada/Projects/demo/kloudless_test/node_modules/is-arrayish/package.json
129 verbose installManyTop reading scoped package data from /Users/yoyocicada/Projects/demo/kloudless_test/node_modules/is-buffer/package.json
130 verbose installManyTop reading scoped package data from /Users/yoyocicada/Projects/demo/kloudless_test/node_modules/is-builtin-module/package.json
131 verbose installManyTop reading scoped package data from /Users/yoyocicada/Projects/demo/kloudless_test/node_modules/is-finite/package.json
132 verbose installManyTop reading scoped package data from /Users/yoyocicada/Projects/demo/kloudless_test/node_modules/is-promise/package.json
133 verbose installManyTop reading scoped package data from /Users/yoyocicada/Projects/demo/kloudless_test/node_modules/is-typedarray/package.json
134 verbose installManyTop reading scoped package data from /Users/yoyocicada/Projects/demo/kloudless_test/node_modules/is-utf8/package.json
135 verbose installManyTop reading scoped package data from /Users/yoyocicada/Projects/demo/kloudless_test/node_modules/isarray/package.json
136 verbose installManyTop reading scoped package data from /Users/yoyocicada/Projects/demo/kloudless_test/node_modules/isexe/package.json
137 verbose installManyTop reading scoped package data from /Users/yoyocicada/Projects/demo/kloudless_test/node_modules/jade/package.json
138 verbose installManyTop reading scoped package data from /Users/yoyocicada/Projects/demo/kloudless_test/node_modules/js-yaml/package.json
139 verbose installManyTop reading scoped package data from /Users/yoyocicada/Projects/demo/kloudless_test/node_modules/jshint/package.json
140 verbose installManyTop reading scoped package data from /Users/yoyocicada/Projects/demo/kloudless_test/node_modules/jshint-stylish/package.json
141 verbose installManyTop reading scoped package data from /Users/yoyocicada/Projects/demo/kloudless_test/node_modules/jstransformer/package.json
142 verbose installManyTop reading scoped package data from /Users/yoyocicada/Projects/demo/kloudless_test/node_modules/kind-of/package.json
143 verbose installManyTop reading scoped package data from /Users/yoyocicada/Projects/demo/kloudless_test/node_modules/lazy-cache/package.json
144 verbose installManyTop reading scoped package data from /Users/yoyocicada/Projects/demo/kloudless_test/node_modules/livereload-js/package.json
145 verbose installManyTop reading scoped package data from /Users/yoyocicada/Projects/demo/kloudless_test/node_modules/load-grunt-tasks/package.json
146 verbose installManyTop reading scoped package data from /Users/yoyocicada/Projects/demo/kloudless_test/node_modules/load-json-file/package.json
147 verbose installManyTop reading scoped package data from /Users/yoyocicada/Projects/demo/kloudless_test/node_modules/lodash/package.json
148 verbose installManyTop reading scoped package data from /Users/yoyocicada/Projects/demo/kloudless_test/node_modules/lodash.assign/package.json
149 verbose installManyTop reading scoped package data from /Users/yoyocicada/Projects/demo/kloudless_test/node_modules/log-symbols/package.json
150 verbose installManyTop reading scoped package data from /Users/yoyocicada/Projects/demo/kloudless_test/node_modules/longest/package.json
151 verbose installManyTop reading scoped package data from /Users/yoyocicada/Projects/demo/kloudless_test/node_modules/loud-rejection/package.json
152 verbose installManyTop reading scoped package data from /Users/yoyocicada/Projects/demo/kloudless_test/node_modules/lru-cache/package.json
153 verbose installManyTop reading scoped package data from /Users/yoyocicada/Projects/demo/kloudless_test/node_modules/map-obj/package.json
154 verbose installManyTop reading scoped package data from /Users/yoyocicada/Projects/demo/kloudless_test/node_modules/maxmin/package.json
155 verbose installManyTop reading scoped package data from /Users/yoyocicada/Projects/demo/kloudless_test/node_modules/media-typer/package.json
156 verbose installManyTop reading scoped package data from /Users/yoyocicada/Projects/demo/kloudless_test/node_modules/meow/package.json
157 verbose installManyTop reading scoped package data from /Users/yoyocicada/Projects/demo/kloudless_test/node_modules/mime/package.json
158 verbose installManyTop reading scoped package data from /Users/yoyocicada/Projects/demo/kloudless_test/node_modules/mime-db/package.json
159 verbose installManyTop reading scoped package data from /Users/yoyocicada/Projects/demo/kloudless_test/node_modules/mime-types/package.json
160 verbose installManyTop reading scoped package data from /Users/yoyocicada/Projects/demo/kloudless_test/node_modules/minimatch/package.json
161 verbose installManyTop reading scoped package data from /Users/yoyocicada/Projects/demo/kloudless_test/node_modules/minimist/package.json
162 verbose installManyTop reading scoped package data from /Users/yoyocicada/Projects/demo/kloudless_test/node_modules/mkdirp/package.json
163 verbose installManyTop reading scoped package data from /Users/yoyocicada/Projects/demo/kloudless_test/node_modules/morgan/package.json
164 verbose installManyTop reading scoped package data from /Users/yoyocicada/Projects/demo/kloudless_test/node_modules/ms/package.json
165 verbose installManyTop reading scoped package data from /Users/yoyocicada/Projects/demo/kloudless_test/node_modules/multimatch/package.json
166 verbose installManyTop reading scoped package data from /Users/yoyocicada/Projects/demo/kloudless_test/node_modules/nan/package.json
167 verbose installManyTop reading scoped package data from /Users/yoyocicada/Projects/demo/kloudless_test/node_modules/negotiator/package.json
168 verbose installManyTop reading scoped package data from /Users/yoyocicada/Projects/demo/kloudless_test/node_modules/node-merge-collect-files/package.json
169 verbose installManyTop reading scoped package data from /Users/yoyocicada/Projects/demo/kloudless_test/node_modules/node.extend/package.json
170 verbose installManyTop reading scoped package data from /Users/yoyocicada/Projects/demo/kloudless_test/node_modules/nopt/package.json
171 verbose installManyTop reading scoped package data from /Users/yoyocicada/Projects/demo/kloudless_test/node_modules/normalize-package-data/package.json
172 verbose installManyTop reading scoped package data from /Users/yoyocicada/Projects/demo/kloudless_test/node_modules/number-is-nan/package.json
173 verbose installManyTop reading scoped package data from /Users/yoyocicada/Projects/demo/kloudless_test/node_modules/object-assign/package.json
174 verbose installManyTop reading scoped package data from /Users/yoyocicada/Projects/demo/kloudless_test/node_modules/on-finished/package.json
175 verbose installManyTop reading scoped package data from /Users/yoyocicada/Projects/demo/kloudless_test/node_modules/on-headers/package.json
176 verbose installManyTop reading scoped package data from /Users/yoyocicada/Projects/demo/kloudless_test/node_modules/once/package.json
177 verbose installManyTop reading scoped package data from /Users/yoyocicada/Projects/demo/kloudless_test/node_modules/open/package.json
178 verbose installManyTop reading scoped package data from /Users/yoyocicada/Projects/demo/kloudless_test/node_modules/opn/package.json
179 verbose installManyTop reading scoped package data from /Users/yoyocicada/Projects/demo/kloudless_test/node_modules/optimist/package.json
180 verbose installManyTop reading scoped package data from /Users/yoyocicada/Projects/demo/kloudless_test/node_modules/pako/package.json
181 verbose installManyTop reading scoped package data from /Users/yoyocicada/Projects/demo/kloudless_test/node_modules/parse-json/package.json
182 verbose installManyTop reading scoped package data from /Users/yoyocicada/Projects/demo/kloudless_test/node_modules/parseurl/package.json
183 verbose installManyTop reading scoped package data from /Users/yoyocicada/Projects/demo/kloudless_test/node_modules/path-exists/package.json
184 verbose installManyTop reading scoped package data from /Users/yoyocicada/Projects/demo/kloudless_test/node_modules/path-is-absolute/package.json
185 verbose installManyTop reading scoped package data from /Users/yoyocicada/Projects/demo/kloudless_test/node_modules/path-type/package.json
186 verbose installManyTop reading scoped package data from /Users/yoyocicada/Projects/demo/kloudless_test/node_modules/pify/package.json
187 verbose installManyTop reading scoped package data from /Users/yoyocicada/Projects/demo/kloudless_test/node_modules/pinkie/package.json
188 verbose installManyTop reading scoped package data from /Users/yoyocicada/Projects/demo/kloudless_test/node_modules/pinkie-promise/package.json
189 verbose installManyTop reading scoped package data from /Users/yoyocicada/Projects/demo/kloudless_test/node_modules/pkg-up/package.json
190 verbose installManyTop reading scoped package data from /Users/yoyocicada/Projects/demo/kloudless_test/node_modules/pkginfo/package.json
191 verbose installManyTop reading scoped package data from /Users/yoyocicada/Projects/demo/kloudless_test/node_modules/plur/package.json
192 verbose installManyTop reading scoped package data from /Users/yoyocicada/Projects/demo/kloudless_test/node_modules/portscanner/package.json
193 verbose installManyTop reading scoped package data from /Users/yoyocicada/Projects/demo/kloudless_test/node_modules/pretty-bytes/package.json
194 verbose installManyTop reading scoped package data from /Users/yoyocicada/Projects/demo/kloudless_test/node_modules/process-nextick-args/package.json
195 verbose installManyTop reading scoped package data from /Users/yoyocicada/Projects/demo/kloudless_test/node_modules/promise/package.json
196 verbose installManyTop reading scoped package data from /Users/yoyocicada/Projects/demo/kloudless_test/node_modules/qs/package.json
197 verbose installManyTop reading scoped package data from /Users/yoyocicada/Projects/demo/kloudless_test/node_modules/range-parser/package.json
198 verbose installManyTop reading scoped package data from /Users/yoyocicada/Projects/demo/kloudless_test/node_modules/raw-body/package.json
199 verbose installManyTop reading scoped package data from /Users/yoyocicada/Projects/demo/kloudless_test/node_modules/read-pkg/package.json
200 verbose installManyTop reading scoped package data from /Users/yoyocicada/Projects/demo/kloudless_test/node_modules/read-pkg-up/package.json
201 verbose installManyTop reading scoped package data from /Users/yoyocicada/Projects/demo/kloudless_test/node_modules/readable-stream/package.json
202 verbose installManyTop reading scoped package data from /Users/yoyocicada/Projects/demo/kloudless_test/node_modules/redent/package.json
203 verbose installManyTop reading scoped package data from /Users/yoyocicada/Projects/demo/kloudless_test/node_modules/repeat-string/package.json
204 verbose installManyTop reading scoped package data from /Users/yoyocicada/Projects/demo/kloudless_test/node_modules/repeating/package.json
205 verbose installManyTop reading scoped package data from /Users/yoyocicada/Projects/demo/kloudless_test/node_modules/resolve/package.json
206 verbose installManyTop reading scoped package data from /Users/yoyocicada/Projects/demo/kloudless_test/node_modules/resolve-from/package.json
207 verbose installManyTop reading scoped package data from /Users/yoyocicada/Projects/demo/kloudless_test/node_modules/resolve-pkg/package.json
208 verbose installManyTop reading scoped package data from /Users/yoyocicada/Projects/demo/kloudless_test/node_modules/right-align/package.json
209 verbose installManyTop reading scoped package data from /Users/yoyocicada/Projects/demo/kloudless_test/node_modules/rimraf/package.json
210 verbose installManyTop reading scoped package data from /Users/yoyocicada/Projects/demo/kloudless_test/node_modules/safe-buffer/package.json
211 verbose installManyTop reading scoped package data from /Users/yoyocicada/Projects/demo/kloudless_test/node_modules/semver/package.json
212 verbose installManyTop reading scoped package data from /Users/yoyocicada/Projects/demo/kloudless_test/node_modules/send/package.json
213 verbose installManyTop reading scoped package data from /Users/yoyocicada/Projects/demo/kloudless_test/node_modules/serve-index/package.json
214 verbose installManyTop reading scoped package data from /Users/yoyocicada/Projects/demo/kloudless_test/node_modules/serve-static/package.json
215 verbose installManyTop reading scoped package data from /Users/yoyocicada/Projects/demo/kloudless_test/node_modules/setprototypeof/package.json
216 verbose installManyTop reading scoped package data from /Users/yoyocicada/Projects/demo/kloudless_test/node_modules/shelljs/package.json
217 verbose installManyTop reading scoped package data from /Users/yoyocicada/Projects/demo/kloudless_test/node_modules/signal-exit/package.json
218 verbose installManyTop reading scoped package data from /Users/yoyocicada/Projects/demo/kloudless_test/node_modules/source-map/package.json
219 verbose installManyTop reading scoped package data from /Users/yoyocicada/Projects/demo/kloudless_test/node_modules/spdx-correct/package.json
220 verbose installManyTop reading scoped package data from /Users/yoyocicada/Projects/demo/kloudless_test/node_modules/spdx-expression-parse/package.json
221 verbose installManyTop reading scoped package data from /Users/yoyocicada/Projects/demo/kloudless_test/node_modules/spdx-license-ids/package.json
222 verbose installManyTop reading scoped package data from /Users/yoyocicada/Projects/demo/kloudless_test/node_modules/sprintf-js/package.json
223 verbose installManyTop reading scoped package data from /Users/yoyocicada/Projects/demo/kloudless_test/node_modules/statuses/package.json
224 verbose installManyTop reading scoped package data from /Users/yoyocicada/Projects/demo/kloudless_test/node_modules/string-length/package.json
225 verbose installManyTop reading scoped package data from /Users/yoyocicada/Projects/demo/kloudless_test/node_modules/string_decoder/package.json
226 verbose installManyTop reading scoped package data from /Users/yoyocicada/Projects/demo/kloudless_test/node_modules/strip-ansi/package.json
227 verbose installManyTop reading scoped package data from /Users/yoyocicada/Projects/demo/kloudless_test/node_modules/strip-bom/package.json
228 verbose installManyTop reading scoped package data from /Users/yoyocicada/Projects/demo/kloudless_test/node_modules/strip-indent/package.json
229 verbose installManyTop reading scoped package data from /Users/yoyocicada/Projects/demo/kloudless_test/node_modules/strip-json-comments/package.json
230 verbose installManyTop reading scoped package data from /Users/yoyocicada/Projects/demo/kloudless_test/node_modules/supports-color/package.json
231 verbose installManyTop reading scoped package data from /Users/yoyocicada/Projects/demo/kloudless_test/node_modules/text-table/package.json
232 verbose installManyTop reading scoped package data from /Users/yoyocicada/Projects/demo/kloudless_test/node_modules/tiny-lr/package.json
233 verbose installManyTop reading scoped package data from /Users/yoyocicada/Projects/demo/kloudless_test/node_modules/transformers/package.json
234 verbose installManyTop reading scoped package data from /Users/yoyocicada/Projects/demo/kloudless_test/node_modules/trim-newlines/package.json
235 verbose installManyTop reading scoped package data from /Users/yoyocicada/Projects/demo/kloudless_test/node_modules/type-is/package.json
236 verbose installManyTop reading scoped package data from /Users/yoyocicada/Projects/demo/kloudless_test/node_modules/typedarray/package.json
237 verbose installManyTop reading scoped package data from /Users/yoyocicada/Projects/demo/kloudless_test/node_modules/typedarray-to-buffer/package.json
238 verbose installManyTop reading scoped package data from /Users/yoyocicada/Projects/demo/kloudless_test/node_modules/uglify-js/package.json
239 verbose installManyTop reading scoped package data from /Users/yoyocicada/Projects/demo/kloudless_test/node_modules/uglify-to-browserify/package.json
240 verbose installManyTop reading scoped package data from /Users/yoyocicada/Projects/demo/kloudless_test/node_modules/underscore.string/package.json
241 verbose installManyTop reading scoped package data from /Users/yoyocicada/Projects/demo/kloudless_test/node_modules/unpipe/package.json
242 verbose installManyTop reading scoped package data from /Users/yoyocicada/Projects/demo/kloudless_test/node_modules/uri-path/package.json
243 verbose installManyTop reading scoped package data from /Users/yoyocicada/Projects/demo/kloudless_test/node_modules/util-deprecate/package.json
244 verbose installManyTop reading scoped package data from /Users/yoyocicada/Projects/demo/kloudless_test/node_modules/utils-merge/package.json
245 verbose installManyTop reading scoped package data from /Users/yoyocicada/Projects/demo/kloudless_test/node_modules/validate-npm-package-license/package.json
246 verbose installManyTop reading scoped package data from /Users/yoyocicada/Projects/demo/kloudless_test/node_modules/void-elements/package.json
247 verbose installManyTop reading scoped package data from /Users/yoyocicada/Projects/demo/kloudless_test/node_modules/websocket/package.json
248 verbose installManyTop reading scoped package data from /Users/yoyocicada/Projects/demo/kloudless_test/node_modules/websocket-driver/package.json
249 verbose installManyTop reading scoped package data from /Users/yoyocicada/Projects/demo/kloudless_test/node_modules/websocket-extensions/package.json
250 verbose installManyTop reading scoped package data from /Users/yoyocicada/Projects/demo/kloudless_test/node_modules/which/package.json
251 verbose installManyTop reading scoped package data from /Users/yoyocicada/Projects/demo/kloudless_test/node_modules/window-size/package.json
252 verbose installManyTop reading scoped package data from /Users/yoyocicada/Projects/demo/kloudless_test/node_modules/with/package.json
253 verbose installManyTop reading scoped package data from /Users/yoyocicada/Projects/demo/kloudless_test/node_modules/wordwrap/package.json
254 verbose installManyTop reading scoped package data from /Users/yoyocicada/Projects/demo/kloudless_test/node_modules/wrappy/package.json
255 verbose installManyTop reading scoped package data from /Users/yoyocicada/Projects/demo/kloudless_test/node_modules/yaeti/package.json
256 verbose installManyTop reading scoped package data from /Users/yoyocicada/Projects/demo/kloudless_test/node_modules/yargs/package.json
257 info package.json asap@1.0.0 No repository field.
258 info package.json asap@1.0.0 No license field.
259 info package.json buffers@0.1.1 No license field.
260 info package.json console-browserify@1.1.0 No license field.
261 info package.json cookie@0.0.4 No license field.
262 info package.json crc@0.2.0 No license field.
263 info package.json css-parse@1.0.4 No repository field.
264 info package.json css-parse@1.0.4 No license field.
265 info package.json css-stringify@1.0.5 No repository field.
266 info package.json css-stringify@1.0.5 No license field.
267 info package.json css@1.0.8 No repository field.
268 info package.json css@1.0.8 No license field.
269 info package.json date-now@0.1.4 No license field.
270 info package.json domelementtype@1.3.0 No license field.
271 info package.json domhandler@2.3.0 No license field.
272 info package.json domutils@1.5.1 No license field.
273 info package.json entities@1.0.0 license should be a valid SPDX license expression
274 info package.json exit@0.1.2 No license field.
275 info package.json findup-sync@0.3.0 No license field.
276 info package.json formidable@1.0.11 No description
277 info package.json formidable@1.0.11 No repository field.
278 info package.json formidable@1.0.11 No license field.
279 info package.json getobject@0.1.0 No license field.
280 info package.json grunt-open@0.2.3 No license field.
281 info package.json grunt-reload@0.2.0 No license field.
282 info package.json hooker@0.2.3 No license field.
283 info package.json http-proxy@0.8.0 No license field.
284 info package.json longest@1.0.1 license should be a valid SPDX license expression
285 info package.json optimist@0.3.7 license should be a valid SPDX license expression
286 info package.json pkginfo@0.2.3 No license field.
287 info package.json portscanner@1.2.0 No license field.
288 info package.json rimraf@2.2.8 license should be a valid SPDX license expression
289 info package.json shelljs@0.3.0 license should be a valid SPDX license expression
290 info package.json string_decoder@0.10.31 string_decoder is also the name of a node core module.
291 info package.json window-size@0.1.0 No license field.
292 verbose readDependencies loading dependencies from /Users/yoyocicada/Projects/demo/kloudless_test/package.json
293 silly cache add args [ 'github-markdown-css', null ]
294 verbose cache add spec github-markdown-css
295 silly cache add parsed spec Result {
295 silly cache add   raw: 'github-markdown-css',
295 silly cache add   scope: null,
295 silly cache add   name: 'github-markdown-css',
295 silly cache add   rawSpec: '',
295 silly cache add   spec: 'latest',
295 silly cache add   type: 'tag' }
296 silly addNamed github-markdown-css@latest
297 verbose addNamed "latest" is being treated as a dist-tag for github-markdown-css
298 info addNameTag [ 'github-markdown-css', 'latest' ]
299 silly mapToRegistry name github-markdown-css
300 silly mapToRegistry using default registry
301 silly mapToRegistry registry https://registry.npmjs.org/
302 silly mapToRegistry uri https://registry.npmjs.org/github-markdown-css
303 verbose addNameTag registry:https://registry.npmjs.org/github-markdown-css not in flight; fetching
304 verbose request uri https://registry.npmjs.org/github-markdown-css
305 verbose request no auth needed
306 info attempt registry request try #1 at 4:11:35 PM
307 verbose request id 3a506079a6b63ee8
308 http request GET https://registry.npmjs.org/github-markdown-css
309 http 200 https://registry.npmjs.org/github-markdown-css
310 verbose headers { server: 'nginx/1.10.1',
310 verbose headers   'content-type': 'application/json',
310 verbose headers   'last-modified': 'Mon, 23 Oct 2017 07:52:22 GMT',
310 verbose headers   etag: 'W/"59ed9fb6-c80f"',
310 verbose headers   'content-encoding': 'gzip',
310 verbose headers   'cache-control': 'max-age=300',
310 verbose headers   'content-length': '5506',
310 verbose headers   'accept-ranges': 'bytes',
310 verbose headers   date: 'Fri, 10 Nov 2017 08:11:36 GMT',
310 verbose headers   via: '1.1 varnish',
310 verbose headers   age: '0',
310 verbose headers   connection: 'keep-alive',
310 verbose headers   'x-served-by': 'cache-itm7426-ITM',
310 verbose headers   'x-cache': 'MISS',
310 verbose headers   'x-cache-hits': '0',
310 verbose headers   'x-timer': 'S1510301496.194594,VS0,VE135',
310 verbose headers   vary: 'Accept-Encoding, Accept' }
311 silly get cb [ 200,
311 silly get   { server: 'nginx/1.10.1',
311 silly get     'content-type': 'application/json',
311 silly get     'last-modified': 'Mon, 23 Oct 2017 07:52:22 GMT',
311 silly get     etag: 'W/"59ed9fb6-c80f"',
311 silly get     'content-encoding': 'gzip',
311 silly get     'cache-control': 'max-age=300',
311 silly get     'content-length': '5506',
311 silly get     'accept-ranges': 'bytes',
311 silly get     date: 'Fri, 10 Nov 2017 08:11:36 GMT',
311 silly get     via: '1.1 varnish',
311 silly get     age: '0',
311 silly get     connection: 'keep-alive',
311 silly get     'x-served-by': 'cache-itm7426-ITM',
311 silly get     'x-cache': 'MISS',
311 silly get     'x-cache-hits': '0',
311 silly get     'x-timer': 'S1510301496.194594,VS0,VE135',
311 silly get     vary: 'Accept-Encoding, Accept' } ]
312 verbose get saving github-markdown-css to /Users/yoyocicada/.npm/registry.npmjs.org/github-markdown-css/.cache.json
313 verbose correctMkdir /Users/yoyocicada/.npm correctMkdir not in flight; initializing
314 silly addNameTag next cb for github-markdown-css with tag latest
315 silly addNamed github-markdown-css@2.9.0
316 verbose addNamed "2.9.0" is a plain semver version for github-markdown-css
317 silly mapToRegistry name github-markdown-css
318 silly mapToRegistry using default registry
319 silly mapToRegistry registry https://registry.npmjs.org/
320 silly mapToRegistry uri https://registry.npmjs.org/github-markdown-css
321 verbose addRemoteTarball https://registry.npmjs.org/github-markdown-css/-/github-markdown-css-2.9.0.tgz not in flight; adding
322 verbose addRemoteTarball [ 'https://registry.npmjs.org/github-markdown-css/-/github-markdown-css-2.9.0.tgz',
322 verbose addRemoteTarball   'a54b2d97457d529f22255fb1ce78fc24dacc0a7b' ]
323 info retry fetch attempt 1 at 4:11:36 PM
324 info attempt registry request try #1 at 4:11:36 PM
325 http fetch GET https://registry.npmjs.org/github-markdown-css/-/github-markdown-css-2.9.0.tgz
326 http fetch 200 https://registry.npmjs.org/github-markdown-css/-/github-markdown-css-2.9.0.tgz
327 silly fetchAndShaCheck shasum a54b2d97457d529f22255fb1ce78fc24dacc0a7b
328 verbose addTmpTarball /var/folders/km/bfhg8z5d6yv0nf21jkxt9d5w0000gn/T/npm-36138-da2c9deb/registry.npmjs.org/github-markdown-css/-/github-markdown-css-2.9.0.tgz not in flight; adding
329 verbose addTmpTarball already have metadata; skipping unpack for github-markdown-css@2.9.0
330 verbose correctMkdir /Users/yoyocicada/.npm correctMkdir not in flight; initializing
331 silly cache afterAdd github-markdown-css@2.9.0
332 verbose afterAdd /Users/yoyocicada/.npm/github-markdown-css/2.9.0/package/package.json not in flight; writing
333 verbose correctMkdir /Users/yoyocicada/.npm correctMkdir not in flight; initializing
334 verbose afterAdd /Users/yoyocicada/.npm/github-markdown-css/2.9.0/package/package.json written
335 silly install resolved [ { name: 'github-markdown-css',
335 silly install resolved     version: '2.9.0',
335 silly install resolved     description: 'The minimal amount of CSS to replicate the GitHub Markdown style',
335 silly install resolved     license: 'MIT',
335 silly install resolved     repository:
335 silly install resolved      { type: 'git',
335 silly install resolved        url: 'git+https://github.com/sindresorhus/github-markdown-css.git' },
335 silly install resolved     author:
335 silly install resolved      { name: 'Sindre Sorhus',
335 silly install resolved        email: 'sindresorhus@gmail.com',
335 silly install resolved        url: 'sindresorhus.com' },
335 silly install resolved     main: 'github-markdown.css',
335 silly install resolved     engines: { node: '>=0.10.0' },
335 silly install resolved     scripts: { make: 'github-markdown-css > github-markdown.css' },
335 silly install resolved     files: [ 'github-markdown.css' ],
335 silly install resolved     keywords:
335 silly install resolved      [ 'browser',
335 silly install resolved        'github',
335 silly install resolved        'markdown',
335 silly install resolved        'md',
335 silly install resolved        'css',
335 silly install resolved        'style',
335 silly install resolved        'stylesheet' ],
335 silly install resolved     devDependencies: { 'generate-github-markdown-css': '^2.1.0' },
335 silly install resolved     gitHead: '7308c9ab9a5b019a2ebd52d59d9b2ca1df5cc2a4',
335 silly install resolved     bugs: { url: 'https://github.com/sindresorhus/github-markdown-css/issues' },
335 silly install resolved     homepage: 'https://github.com/sindresorhus/github-markdown-css#readme',
335 silly install resolved     _id: 'github-markdown-css@2.9.0',
335 silly install resolved     _shasum: 'a54b2d97457d529f22255fb1ce78fc24dacc0a7b',
335 silly install resolved     _from: 'github-markdown-css@latest',
335 silly install resolved     _npmVersion: '2.15.11',
335 silly install resolved     _nodeVersion: '4.8.3',
335 silly install resolved     _npmUser: { name: 'sindresorhus', email: 'sindresorhus@gmail.com' },
335 silly install resolved     dist:
335 silly install resolved      { shasum: 'a54b2d97457d529f22255fb1ce78fc24dacc0a7b',
335 silly install resolved        tarball: 'https://registry.npmjs.org/github-markdown-css/-/github-markdown-css-2.9.0.tgz' },
335 silly install resolved     maintainers: [ [Object] ],
335 silly install resolved     _npmOperationalInternal:
335 silly install resolved      { host: 's3://npm-registry-packages',
335 silly install resolved        tmp: 'tmp/github-markdown-css-2.9.0.tgz_1508050564854_0.2875936422497034' },
335 silly install resolved     directories: {},
335 silly install resolved     _resolved: 'https://registry.npmjs.org/github-markdown-css/-/github-markdown-css-2.9.0.tgz' } ]
336 info install github-markdown-css@2.9.0 into /Users/yoyocicada/Projects/demo/kloudless_test
337 info installOne github-markdown-css@2.9.0
338 verbose installOne of github-markdown-css to /Users/yoyocicada/Projects/demo/kloudless_test not in flight; installing
339 verbose correctMkdir /Users/yoyocicada/.npm/_locks correctMkdir not in flight; initializing
340 verbose lock using /Users/yoyocicada/.npm/_locks/github-markdown-css-1e352ae8a31292a4.lock for /Users/yoyocicada/Projects/demo/kloudless_test/node_modules/github-markdown-css
341 silly install write writing github-markdown-css 2.9.0 to /Users/yoyocicada/Projects/demo/kloudless_test/node_modules/github-markdown-css
342 verbose unbuild node_modules/github-markdown-css
343 silly gentlyRm /Users/yoyocicada/Projects/demo/kloudless_test/node_modules/github-markdown-css is being purged from base /Users/yoyocicada/Projects/demo/kloudless_test
344 verbose gentlyRm don't care about contents; nuking /Users/yoyocicada/Projects/demo/kloudless_test/node_modules/github-markdown-css
345 verbose tar unpack /Users/yoyocicada/.npm/github-markdown-css/2.9.0/package.tgz
346 verbose tar unpacking to /Users/yoyocicada/Projects/demo/kloudless_test/node_modules/github-markdown-css
347 silly gentlyRm /Users/yoyocicada/Projects/demo/kloudless_test/node_modules/github-markdown-css is being purged
348 verbose gentlyRm don't care about contents; nuking /Users/yoyocicada/Projects/demo/kloudless_test/node_modules/github-markdown-css
349 silly gunzTarPerm modes [ '755', '644' ]
350 silly gunzTarPerm extractEntry package.json
351 silly gunzTarPerm extractEntry github-markdown.css
352 silly gunzTarPerm extractEntry license
353 silly gunzTarPerm extractEntry readme.md
354 verbose write writing to /Users/yoyocicada/Projects/demo/kloudless_test/node_modules/github-markdown-css/package.json
355 info preinstall github-markdown-css@2.9.0
356 verbose readDependencies loading dependencies from /Users/yoyocicada/Projects/demo/kloudless_test/node_modules/github-markdown-css/package.json
357 verbose readDependencies loading dependencies from /Users/yoyocicada/Projects/demo/kloudless_test/node_modules/github-markdown-css/package.json
358 silly install resolved []
359 verbose about to build /Users/yoyocicada/Projects/demo/kloudless_test/node_modules/github-markdown-css
360 info build /Users/yoyocicada/Projects/demo/kloudless_test/node_modules/github-markdown-css
361 info linkStuff github-markdown-css@2.9.0
362 silly linkStuff github-markdown-css@2.9.0 has /Users/yoyocicada/Projects/demo/kloudless_test/node_modules as its parent node_modules
363 verbose linkBins github-markdown-css@2.9.0
364 verbose linkMans github-markdown-css@2.9.0
365 verbose rebuildBundles github-markdown-css@2.9.0
366 info install github-markdown-css@2.9.0
367 info postinstall github-markdown-css@2.9.0
368 verbose unlock done using /Users/yoyocicada/.npm/_locks/github-markdown-css-1e352ae8a31292a4.lock for /Users/yoyocicada/Projects/demo/kloudless_test/node_modules/github-markdown-css
369 verbose validateInstall loading /Users/yoyocicada/Projects/demo/kloudless_test/package.json for validation
370 verbose stack Error: The package grunt@1.0.1 does not satisfy its siblings' peerDependencies requirements!
370 verbose stack     at /Users/yoyocicada/.nvm/versions/node/v4.4.0/lib/node_modules/npm/lib/install.js:125:32
370 verbose stack     at /Users/yoyocicada/.nvm/versions/node/v4.4.0/lib/node_modules/npm/lib/install.js:268:7
370 verbose stack     at /Users/yoyocicada/.nvm/versions/node/v4.4.0/lib/node_modules/npm/node_modules/read-installed/read-installed.js:142:5
370 verbose stack     at /Users/yoyocicada/.nvm/versions/node/v4.4.0/lib/node_modules/npm/node_modules/read-installed/read-installed.js:263:14
370 verbose stack     at cb (/Users/yoyocicada/.nvm/versions/node/v4.4.0/lib/node_modules/npm/node_modules/slide/lib/async-map.js:47:24)
370 verbose stack     at /Users/yoyocicada/.nvm/versions/node/v4.4.0/lib/node_modules/npm/node_modules/read-installed/read-installed.js:263:14
370 verbose stack     at cb (/Users/yoyocicada/.nvm/versions/node/v4.4.0/lib/node_modules/npm/node_modules/slide/lib/async-map.js:47:24)
370 verbose stack     at /Users/yoyocicada/.nvm/versions/node/v4.4.0/lib/node_modules/npm/node_modules/read-installed/read-installed.js:263:14
370 verbose stack     at asyncMap (/Users/yoyocicada/.nvm/versions/node/v4.4.0/lib/node_modules/npm/node_modules/slide/lib/async-map.js:27:18)
370 verbose stack     at next (/Users/yoyocicada/.nvm/versions/node/v4.4.0/lib/node_modules/npm/node_modules/read-installed/read-installed.js:234:5)
371 verbose cwd /Users/yoyocicada/Projects/demo/kloudless_test
372 error Darwin 16.7.0
373 error argv "/Users/yoyocicada/.nvm/versions/node/v4.4.0/bin/node" "/Users/yoyocicada/.nvm/versions/node/v4.4.0/bin/npm" "install" "github-markdown-css"
374 error node v4.4.0
375 error npm  v2.14.20
376 error code EPEERINVALID
377 error peerinvalid The package grunt@1.0.1 does not satisfy its siblings' peerDependencies requirements!
377 error peerinvalid Peer grunt-contrib-concat@1.0.1 wants grunt@>=0.4.0
377 error peerinvalid Peer grunt-contrib-connect@1.0.2 wants grunt@>=0.4.0
377 error peerinvalid Peer grunt-contrib-jshint@1.1.0 wants grunt@>=0.4.0
377 error peerinvalid Peer grunt-merge-copy@1.0.1 wants grunt@~0.4.0
377 error peerinvalid Peer load-grunt-tasks@3.5.2 wants grunt@>=0.4.0
377 error peerinvalid Peer grunt-contrib-clean@1.0.0 wants grunt@>= 0.4.5
377 error peerinvalid Peer grunt-contrib-sass@1.0.0 wants grunt@>=0.4.0
378 verbose exit [ 1, true ]
